-------------------------------------------------------------------------------
Test set: com.restkeeper.shop.BaseTest
-------------------------------------------------------------------------------
Tests run: 1, Failures: 0, Errors: 1, Skipped: 0, Time elapsed: 0.001 s <<< FAILURE! - in com.restkeeper.shop.BaseTest
initializationError(com.restkeeper.shop.BaseTest)  Time elapsed: 0.001 s  <<< ERROR!
java.lang.Exception: No runnable methods

